<?xml version="1.0" encoding="UTF-8" ?>
<testsuite failures="0" time="0.253" errors="2" skipped="0" tests="2" name="cn.ld.fj.functional.account.SecurityTest">
  <properties>
    <property name="java.runtime.name" value="Java(TM) SE Runtime Environment"/>
    <property name="sun.boot.library.path" value="/Library/Java/JavaVirtualMachines/jdk1.7.0_45.jdk/Contents/Home/jre/lib"/>
    <property name="java.vm.version" value="24.45-b08"/>
    <property name="gopherProxySet" value="false"/>
    <property name="java.vm.vendor" value="Oracle Corporation"/>
    <property name="java.vendor.url" value="http://java.oracle.com/"/>
    <property name="path.separator" value=":"/>
    <property name="java.vm.name" value="Java HotSpot(TM) 64-Bit Server VM"/>
    <property name="file.encoding.pkg" value="sun.io"/>
    <property name="user.country" value="CN"/>
    <property name="sun.java.launcher" value="SUN_STANDARD"/>
    <property name="sun.os.patch.level" value="unknown"/>
    <property name="java.vm.specification.name" value="Java Virtual Machine Specification"/>
    <property name="user.dir" value="/Users/xjli/workspace-new/fj"/>
    <property name="java.runtime.version" value="1.7.0_45-b18"/>
    <property name="java.awt.graphicsenv" value="sun.awt.CGraphicsEnvironment"/>
    <property name="basedir" value="/Users/xjli/workspace-new/fj"/>
    <property name="java.endorsed.dirs" value="/Library/Java/JavaVirtualMachines/jdk1.7.0_45.jdk/Contents/Home/jre/lib/endorsed"/>
    <property name="os.arch" value="x86_64"/>
    <property name="java.io.tmpdir" value="/var/folders/j7/08lt1g1n5b70j6ftbkklwsxr4w12g8/T/"/>
    <property name="line.separator" value="
"/>
    <property name="java.vm.specification.vendor" value="Oracle Corporation"/>
    <property name="os.name" value="Mac OS X"/>
    <property name="sun.jnu.encoding" value="UTF-8"/>
    <property name="java.library.path" value="/Users/xjli/Library/Java/Extensions:/Library/Java/Extensions:/Network/Library/Java/Extensions:/System/Library/Java/Extensions:/usr/lib/java:."/>
    <property name="surefire.test.class.path" value="/Users/xjli/workspace-new/fj/target/test-classes:/Users/xjli/workspace-new/fj/target/classes:/Users/xjli/.m2/repository/net/esoar/esoar-core/1.1.0/esoar-core-1.1.0.jar:/Users/xjli/.m2/repository/org/springframework/spring-aop/3.0.4.RELEASE/spring-aop-3.0.4.RELEASE.jar:/Users/xjli/.m2/repository/aopalliance/aopalliance/1.0/aopalliance-1.0.jar:/Users/xjli/.m2/repository/org/springframework/spring-asm/3.0.4.RELEASE/spring-asm-3.0.4.RELEASE.jar:/Users/xjli/.m2/repository/org/springframework/spring-beans/3.0.4.RELEASE/spring-beans-3.0.4.RELEASE.jar:/Users/xjli/.m2/repository/org/springframework/spring-core/3.0.4.RELEASE/spring-core-3.0.4.RELEASE.jar:/Users/xjli/.m2/repository/org/aspectj/aspectjweaver/1.6.9/aspectjweaver-1.6.9.jar:/Users/xjli/.m2/repository/cglib/cglib-nodep/2.2/cglib-nodep-2.2.jar:/Users/xjli/.m2/repository/org/hibernate/hibernate-core/3.5.5-Final/hibernate-core-3.5.5-Final.jar:/Users/xjli/.m2/repository/antlr/antlr/2.7.6/antlr-2.7.6.jar:/Users/xjli/.m2/repository/commons-collections/commons-collections/3.2.1/commons-collections-3.2.1.jar:/Users/xjli/.m2/repository/dom4j/dom4j/1.6.1/dom4j-1.6.1.jar:/Users/xjli/.m2/repository/xml-apis/xml-apis/1.0.b2/xml-apis-1.0.b2.jar:/Users/xjli/.m2/repository/javax/transaction/jta/1.1/jta-1.1.jar:/Users/xjli/.m2/repository/org/hibernate/hibernate-annotations/3.5.5-Final/hibernate-annotations-3.5.5-Final.jar:/Users/xjli/.m2/repository/org/hibernate/hibernate-commons-annotations/3.2.0.Final/hibernate-commons-annotations-3.2.0.Final.jar:/Users/xjli/.m2/repository/org/hibernate/javax/persistence/hibernate-jpa-2.0-api/1.0.0.Final/hibernate-jpa-2.0-api-1.0.0.Final.jar:/Users/xjli/.m2/repository/org/hibernate/hibernate-ehcache/3.5.5-Final/hibernate-ehcache-3.5.5-Final.jar:/Users/xjli/.m2/repository/javassist/javassist/3.12.1.GA/javassist-3.12.1.GA.jar:/Users/xjli/.m2/repository/org/springframework/spring-orm/3.0.4.RELEASE/spring-orm-3.0.4.RELEASE.jar:/Users/xjli/.m2/repository/org/springframework/spring-tx/3.0.4.RELEASE/spring-tx-3.0.4.RELEASE.jar:/Users/xjli/.m2/repository/org/springframework/spring-jdbc/3.0.4.RELEASE/spring-jdbc-3.0.4.RELEASE.jar:/Users/xjli/.m2/repository/commons-dbcp/commons-dbcp/1.4/commons-dbcp-1.4.jar:/Users/xjli/.m2/repository/commons-pool/commons-pool/1.5.4/commons-pool-1.5.4.jar:/Users/xjli/.m2/repository/mysql/mysql-connector-java/5.1.13/mysql-connector-java-5.1.13.jar:/Users/xjli/.m2/repository/org/apache/struts/struts2-core/2.2.1/struts2-core-2.2.1.jar:/Users/xjli/.m2/repository/org/apache/struts/xwork/xwork-core/2.2.1/xwork-core-2.2.1.jar:/Users/xjli/.m2/repository/org/freemarker/freemarker/2.3.16/freemarker-2.3.16.jar:/Users/xjli/.m2/repository/ognl/ognl/3.0/ognl-3.0.jar:/Users/xjli/.m2/repository/commons-fileupload/commons-fileupload/1.2.1/commons-fileupload-1.2.1.jar:/Users/xjli/.m2/repository/commons-io/commons-io/1.4/commons-io-1.4.jar:/Users/xjli/.m2/repository/org/apache/struts/struts2-convention-plugin/2.2.1/struts2-convention-plugin-2.2.1.jar:/Users/xjli/.m2/repository/org/apache/struts/struts2-spring-plugin/2.2.1/struts2-spring-plugin-2.2.1.jar:/Users/xjli/.m2/repository/org/springframework/spring-context/3.0.4.RELEASE/spring-context-3.0.4.RELEASE.jar:/Users/xjli/.m2/repository/org/springframework/spring-web/3.0.4.RELEASE/spring-web-3.0.4.RELEASE.jar:/Users/xjli/.m2/repository/org/springframework/spring-webmvc/3.0.4.RELEASE/spring-webmvc-3.0.4.RELEASE.jar:/Users/xjli/.m2/repository/org/springframework/spring-context-support/3.0.4.RELEASE/spring-context-support-3.0.4.RELEASE.jar:/Users/xjli/.m2/repository/org/springframework/spring-expression/3.0.4.RELEASE/spring-expression-3.0.4.RELEASE.jar:/Users/xjli/.m2/repository/javax/servlet/jstl/1.2/jstl-1.2.jar:/Users/xjli/.m2/repository/taglibs/standard/1.1.2/standard-1.1.2.jar:/Users/xjli/.m2/repository/javax/servlet/servlet-api/2.5/servlet-api-2.5.jar:/Users/xjli/.m2/repository/org/codehaus/jackson/jackson-mapper-asl/1.6.0/jackson-mapper-asl-1.6.0.jar:/Users/xjli/.m2/repository/org/codehaus/jackson/jackson-core-asl/1.6.0/jackson-core-asl-1.6.0.jar:/Users/xjli/.m2/repository/org/springframework/security/spring-security-core/3.0.3.RELEASE/spring-security-core-3.0.3.RELEASE.jar:/Users/xjli/.m2/repository/org/aspectj/aspectjrt/1.6.9/aspectjrt-1.6.9.jar:/Users/xjli/.m2/repository/org/springframework/security/spring-security-config/3.0.3.RELEASE/spring-security-config-3.0.3.RELEASE.jar:/Users/xjli/.m2/repository/org/springframework/security/spring-security-taglibs/3.0.3.RELEASE/spring-security-taglibs-3.0.3.RELEASE.jar:/Users/xjli/.m2/repository/org/springframework/security/spring-security-web/3.0.3.RELEASE/spring-security-web-3.0.3.RELEASE.jar:/Users/xjli/.m2/repository/org/springframework/security/spring-security-acl/3.0.3.RELEASE/spring-security-acl-3.0.3.RELEASE.jar:/Users/xjli/.m2/repository/org/slf4j/slf4j-api/1.6.1/slf4j-api-1.6.1.jar:/Users/xjli/.m2/repository/org/slf4j/slf4j-log4j12/1.6.1/slf4j-log4j12-1.6.1.jar:/Users/xjli/.m2/repository/log4j/log4j/1.2.16/log4j-1.2.16.jar:/Users/xjli/.m2/repository/net/sf/ehcache/ehcache/1.6.2/ehcache-1.6.2.jar:/Users/xjli/.m2/repository/commons-lang/commons-lang/2.5/commons-lang-2.5.jar:/Users/xjli/.m2/repository/commons-beanutils/commons-beanutils/1.8.3/commons-beanutils-1.8.3.jar:/Users/xjli/.m2/repository/commons-logging/commons-logging/1.1.1/commons-logging-1.1.1.jar:/Users/xjli/.m2/repository/com/google/guava/guava/r06/guava-r06.jar:/Users/xjli/.m2/repository/junit/junit/4.8.1/junit-4.8.1.jar:/Users/xjli/.m2/repository/org/easymock/easymock/3.0/easymock-3.0.jar:/Users/xjli/.m2/repository/org/objenesis/objenesis/1.2/objenesis-1.2.jar:/Users/xjli/.m2/repository/org/springframework/spring-test/3.0.4.RELEASE/spring-test-3.0.4.RELEASE.jar:/Users/xjli/.m2/repository/org/seleniumhq/selenium/selenium-htmlunit-driver/2.0a5/selenium-htmlunit-driver-2.0a5.jar:/Users/xjli/.m2/repository/org/seleniumhq/selenium/selenium-common/2.0a5/selenium-common-2.0a5.jar:/Users/xjli/.m2/repository/net/sourceforge/htmlunit/htmlunit/2.7/htmlunit-2.7.jar:/Users/xjli/.m2/repository/xalan/xalan/2.7.1/xalan-2.7.1.jar:/Users/xjli/.m2/repository/xalan/serializer/2.7.1/serializer-2.7.1.jar:/Users/xjli/.m2/repository/commons-codec/commons-codec/1.4/commons-codec-1.4.jar:/Users/xjli/.m2/repository/net/sourceforge/htmlunit/htmlunit-core-js/2.7/htmlunit-core-js-2.7.jar:/Users/xjli/.m2/repository/xerces/xercesImpl/2.9.1/xercesImpl-2.9.1.jar:/Users/xjli/.m2/repository/net/sourceforge/nekohtml/nekohtml/1.9.14/nekohtml-1.9.14.jar:/Users/xjli/.m2/repository/net/sourceforge/cssparser/cssparser/0.9.5/cssparser-0.9.5.jar:/Users/xjli/.m2/repository/org/w3c/css/sac/1.3/sac-1.3.jar:/Users/xjli/.m2/repository/org/seleniumhq/selenium/selenium-firefox-driver/2.0a5/selenium-firefox-driver-2.0a5.jar:/Users/xjli/.m2/repository/org/seleniumhq/selenium/selenium-ie-driver/2.0a5/selenium-ie-driver-2.0a5.jar:/Users/xjli/.m2/repository/net/java/dev/jna/jna/3.2.2/jna-3.2.2.jar:/Users/xjli/.m2/repository/org/seleniumhq/selenium/selenium-remote-client/2.0a5/selenium-remote-client-2.0a5.jar:/Users/xjli/.m2/repository/org/seleniumhq/selenium/selenium-remote-common/2.0a5/selenium-remote-common-2.0a5.jar:/Users/xjli/.m2/repository/org/json/json/20080701/json-20080701.jar:/Users/xjli/.m2/repository/com/google/collections/google-collections/1.0/google-collections-1.0.jar:/Users/xjli/.m2/repository/commons-httpclient/commons-httpclient/3.1/commons-httpclient-3.1.jar:/Users/xjli/.m2/repository/com/h2database/h2/1.2.142/h2-1.2.142.jar:/Users/xjli/.m2/repository/org/dbunit/dbunit/2.4.8/dbunit-2.4.8.jar:/Users/xjli/.m2/repository/org/mortbay/jetty/jetty/6.1.25/jetty-6.1.25.jar:/Users/xjli/.m2/repository/org/mortbay/jetty/jetty-util/6.1.25/jetty-util-6.1.25.jar:/Users/xjli/.m2/repository/org/mortbay/jetty/servlet-api/2.5-20081211/servlet-api-2.5-20081211.jar:/Users/xjli/.m2/repository/org/mortbay/jetty/jsp-2.1-jetty/6.1.25/jsp-2.1-jetty-6.1.25.jar:/Users/xjli/.m2/repository/org/eclipse/jdt/core/3.1.1/core-3.1.1.jar:/Users/xjli/.m2/repository/org/mortbay/jetty/jsp-api-2.1-glassfish/2.1.v20091210/jsp-api-2.1-glassfish-2.1.v20091210.jar:/Users/xjli/.m2/repository/org/mortbay/jetty/jsp-2.1-glassfish/2.1.v20091210/jsp-2.1-glassfish-2.1.v20091210.jar:/Users/xjli/.m2/repository/org/eclipse/jdt/core/compiler/ecj/3.5.1/ecj-3.5.1.jar:/Users/xjli/.m2/repository/ant/ant/1.6.5/ant-1.6.5.jar:/Users/xjli/.m2/repository/org/hibernate/hibernate-tools/3.2.3.GA/hibernate-tools-3.2.3.GA.jar:/Users/xjli/.m2/repository/org/beanshell/bsh/2.0b4/bsh-2.0b4.jar:/Users/xjli/.m2/repository/org/hibernate/jtidy/r8-20060801/jtidy-r8-20060801.jar:"/>
    <property name="java.specification.name" value="Java Platform API Specification"/>
    <property name="java.class.version" value="51.0"/>
    <property name="sun.management.compiler" value="HotSpot 64-Bit Tiered Compilers"/>
    <property name="os.version" value="10.9.1"/>
    <property name="http.nonProxyHosts" value="local|*.local|169.254/16|*.169.254/16"/>
    <property name="user.home" value="/Users/xjli"/>
    <property name="user.timezone" value="Asia/Chongqing"/>
    <property name="java.awt.printerjob" value="sun.lwawt.macosx.CPrinterJob"/>
    <property name="java.specification.version" value="1.7"/>
    <property name="file.encoding" value="US-ASCII"/>
    <property name="user.name" value="xjli"/>
    <property name="java.class.path" value="/Users/xjli/.m2/repository/org/apache/maven/surefire/surefire-booter/2.6/surefire-booter-2.6.jar:/Users/xjli/.m2/repository/org/apache/maven/surefire/surefire-api/2.6/surefire-api-2.6.jar"/>
    <property name="java.vm.specification.version" value="1.7"/>
    <property name="sun.arch.data.model" value="64"/>
    <property name="java.home" value="/Library/Java/JavaVirtualMachines/jdk1.7.0_45.jdk/Contents/Home/jre"/>
    <property name="sun.java.command" value="org.apache.maven.surefire.booter.SurefireBooter /var/folders/j7/08lt1g1n5b70j6ftbkklwsxr4w12g8/T/surefire5984811685130944434tmp /var/folders/j7/08lt1g1n5b70j6ftbkklwsxr4w12g8/T/surefire6597790618264748368tmp"/>
    <property name="java.specification.vendor" value="Oracle Corporation"/>
    <property name="user.language" value="zh"/>
    <property name="awt.toolkit" value="sun.lwawt.macosx.LWCToolkit"/>
    <property name="java.vm.info" value="mixed mode"/>
    <property name="java.version" value="1.7.0_45"/>
    <property name="java.ext.dirs" value="/Users/xjli/Library/Java/Extensions:/Library/Java/JavaVirtualMachines/jdk1.7.0_45.jdk/Contents/Home/jre/lib/ext:/Library/Java/Extensions:/Network/Library/Java/Extensions:/System/Library/Java/Extensions:/usr/lib/java"/>
    <property name="sun.boot.class.path" value="/Library/Java/JavaVirtualMachines/jdk1.7.0_45.jdk/Contents/Home/jre/lib/resources.jar:/Library/Java/JavaVirtualMachines/jdk1.7.0_45.jdk/Contents/Home/jre/lib/rt.jar:/Library/Java/JavaVirtualMachines/jdk1.7.0_45.jdk/Contents/Home/jre/lib/sunrsasign.jar:/Library/Java/JavaVirtualMachines/jdk1.7.0_45.jdk/Contents/Home/jre/lib/jsse.jar:/Library/Java/JavaVirtualMachines/jdk1.7.0_45.jdk/Contents/Home/jre/lib/jce.jar:/Library/Java/JavaVirtualMachines/jdk1.7.0_45.jdk/Contents/Home/jre/lib/charsets.jar:/Library/Java/JavaVirtualMachines/jdk1.7.0_45.jdk/Contents/Home/jre/lib/jfr.jar:/Library/Java/JavaVirtualMachines/jdk1.7.0_45.jdk/Contents/Home/jre/lib/JObjC.jar:/Library/Java/JavaVirtualMachines/jdk1.7.0_45.jdk/Contents/Home/jre/classes"/>
    <property name="java.vendor" value="Oracle Corporation"/>
    <property name="localRepository" value="/Users/xjli/.m2/repository"/>
    <property name="file.separator" value="/"/>
    <property name="java.vendor.url.bug" value="http://bugreport.sun.com/bugreport/"/>
    <property name="sun.cpu.endian" value="little"/>
    <property name="sun.io.unicode.encoding" value="UnicodeBig"/>
    <property name="socksNonProxyHosts" value="local|*.local|169.254/16|*.169.254/16"/>
    <property name="ftp.nonProxyHosts" value="local|*.local|169.254/16|*.169.254/16"/>
    <property name="sun.cpu.isalist" value=""/>
  </properties>
  <testcase time="0" classname="cn.ld.fj.functional.account.SecurityTest" name="cn.ld.fj.functional.account.SecurityTest">
    <error message="Address already in use" type="java.net.BindException">java.net.BindException: Address already in use
	at java.net.PlainSocketImpl.socketBind(Native Method)
	at java.net.AbstractPlainSocketImpl.bind(AbstractPlainSocketImpl.java:376)
	at java.net.ServerSocket.bind(ServerSocket.java:376)
	at java.net.ServerSocket.&lt;init&gt;(ServerSocket.java:237)
	at java.net.ServerSocket.&lt;init&gt;(ServerSocket.java:181)
	at org.mortbay.jetty.bio.SocketConnector.newServerSocket(SocketConnector.java:80)
	at org.mortbay.jetty.bio.SocketConnector.open(SocketConnector.java:73)
	at org.mortbay.jetty.AbstractConnector.doStart(AbstractConnector.java:283)
	at org.mortbay.jetty.bio.SocketConnector.doStart(SocketConnector.java:147)
	at org.mortbay.component.AbstractLifeCycle.start(AbstractLifeCycle.java:50)
	at org.mortbay.jetty.Server.doStart(Server.java:235)
	at org.mortbay.component.AbstractLifeCycle.start(AbstractLifeCycle.java:50)
	at cn.ld.fj.functional.BaseFunctionalTestCase.startJetty(BaseFunctionalTestCase.java:69)
	at cn.ld.fj.functional.BaseFunctionalTestCase.startAll(BaseFunctionalTestCase.java:47)
	at sun.reflect.NativeMethodAccessorImpl.invoke0(Native Method)
	at sun.reflect.NativeMethodAccessorImpl.invoke(NativeMethodAccessorImpl.java:57)
	at sun.reflect.DelegatingMethodAccessorImpl.invoke(DelegatingMethodAccessorImpl.java:43)
	at java.lang.reflect.Method.invoke(Method.java:606)
	at org.junit.runners.model.FrameworkMethod$1.runReflectiveCall(FrameworkMethod.java:44)
	at org.junit.internal.runners.model.ReflectiveCallable.run(ReflectiveCallable.java:15)
	at org.junit.runners.model.FrameworkMethod.invokeExplosively(FrameworkMethod.java:41)
	at org.junit.internal.runners.statements.RunBefores.evaluate(RunBefores.java:27)
	at org.junit.internal.runners.statements.RunAfters.evaluate(RunAfters.java:31)
	at org.junit.runners.ParentRunner.run(ParentRunner.java:236)
	at net.esoar.modules.test.groups.GroupsTestRunner.run(GroupsTestRunner.java:54)
	at org.apache.maven.surefire.junit4.JUnit4TestSet.execute(JUnit4TestSet.java:59)
	at org.apache.maven.surefire.suite.AbstractDirectoryTestSuite.executeTestSet(AbstractDirectoryTestSuite.java:120)
	at org.apache.maven.surefire.suite.AbstractDirectoryTestSuite.execute(AbstractDirectoryTestSuite.java:103)
	at org.apache.maven.surefire.Surefire.run(Surefire.java:169)
	at sun.reflect.NativeMethodAccessorImpl.invoke0(Native Method)
	at sun.reflect.NativeMethodAccessorImpl.invoke(NativeMethodAccessorImpl.java:57)
	at sun.reflect.DelegatingMethodAccessorImpl.invoke(DelegatingMethodAccessorImpl.java:43)
	at java.lang.reflect.Method.invoke(Method.java:606)
	at org.apache.maven.surefire.booter.SurefireBooter.runSuitesInProcess(SurefireBooter.java:350)
	at org.apache.maven.surefire.booter.SurefireBooter.main(SurefireBooter.java:1021)
</error>
  </testcase>
  <testcase time="0.001" classname="cn.ld.fj.functional.account.SecurityTest" name="cn.ld.fj.functional.account.SecurityTest">
    <error type="java.lang.NullPointerException">java.lang.NullPointerException
	at cn.ld.fj.functional.BaseFunctionalTestCase.stopWebDriver(BaseFunctionalTestCase.java:114)
	at cn.ld.fj.functional.BaseFunctionalTestCase.stopAll(BaseFunctionalTestCase.java:59)
	at sun.reflect.NativeMethodAccessorImpl.invoke0(Native Method)
	at sun.reflect.NativeMethodAccessorImpl.invoke(NativeMethodAccessorImpl.java:57)
	at sun.reflect.DelegatingMethodAccessorImpl.invoke(DelegatingMethodAccessorImpl.java:43)
	at java.lang.reflect.Method.invoke(Method.java:606)
	at org.junit.runners.model.FrameworkMethod$1.runReflectiveCall(FrameworkMethod.java:44)
	at org.junit.internal.runners.model.ReflectiveCallable.run(ReflectiveCallable.java:15)
	at org.junit.runners.model.FrameworkMethod.invokeExplosively(FrameworkMethod.java:41)
	at org.junit.internal.runners.statements.RunAfters.evaluate(RunAfters.java:37)
	at org.junit.runners.ParentRunner.run(ParentRunner.java:236)
	at net.esoar.modules.test.groups.GroupsTestRunner.run(GroupsTestRunner.java:54)
	at org.apache.maven.surefire.junit4.JUnit4TestSet.execute(JUnit4TestSet.java:59)
	at org.apache.maven.surefire.suite.AbstractDirectoryTestSuite.executeTestSet(AbstractDirectoryTestSuite.java:120)
	at org.apache.maven.surefire.suite.AbstractDirectoryTestSuite.execute(AbstractDirectoryTestSuite.java:103)
	at org.apache.maven.surefire.Surefire.run(Surefire.java:169)
	at sun.reflect.NativeMethodAccessorImpl.invoke0(Native Method)
	at sun.reflect.NativeMethodAccessorImpl.invoke(NativeMethodAccessorImpl.java:57)
	at sun.reflect.DelegatingMethodAccessorImpl.invoke(DelegatingMethodAccessorImpl.java:43)
	at java.lang.reflect.Method.invoke(Method.java:606)
	at org.apache.maven.surefire.booter.SurefireBooter.runSuitesInProcess(SurefireBooter.java:350)
	at org.apache.maven.surefire.booter.SurefireBooter.main(SurefireBooter.java:1021)
</error>
  </testcase>
</testsuite>